13:54:53.297 [main] DEBUG org.elective.listeners.AppContextListener - Application started
13:59:06.489 [http-nio-8080-exec-5] INFO  org.elective.filters.EncodingFilter - Encoding was set
13:59:06.948 [http-nio-8080-exec-5] DEBUG org.elective.filters.SecurityFilter - No one is authorised
13:59:07.207 [http-nio-8080-exec-6] INFO  org.elective.filters.EncodingFilter - Encoding was set
13:59:51.787 [http-nio-8080-exec-8] INFO  org.elective.filters.EncodingFilter - Encoding was set
13:59:51.790 [http-nio-8080-exec-8] DEBUG org.elective.filters.SecurityFilter - No one is authorised
13:59:51.824 [http-nio-8080-exec-9] INFO  org.elective.filters.EncodingFilter - Encoding was set
13:59:51.825 [http-nio-8080-exec-9] DEBUG org.elective.filters.SecurityFilter - No one is authorised
13:59:51.868 [http-nio-8080-exec-10] INFO  org.elective.filters.EncodingFilter - Encoding was set
13:59:51.986 [http-nio-8080-exec-2] INFO  org.elective.filters.EncodingFilter - Encoding was set
14:00:39.184 [http-nio-8080-exec-6] INFO  org.elective.filters.EncodingFilter - Encoding was set
14:00:39.184 [http-nio-8080-exec-6] DEBUG org.elective.servlets.AuthorisationServlet - Log in...
14:00:39.396 [http-nio-8080-exec-6] DEBUG org.elective.servlets.AuthorisationServlet - email: admin@test.org
14:00:56.958 [http-nio-8080-exec-6] DEBUG org.elective.servlets.AuthorisationServlet - find user: User{id=1, firstName='admin', lastName='admin', roleId=1, email='admin@test.org', blocked=false}
14:00:56.986 [http-nio-8080-exec-6] DEBUG org.elective.servlets.AuthorisationServlet - invalid password
14:00:56.994 [http-nio-8080-exec-8] INFO  org.elective.filters.EncodingFilter - Encoding was set
14:00:57.473 [http-nio-8080-exec-9] INFO  org.elective.filters.EncodingFilter - Encoding was set
14:00:57.474 [http-nio-8080-exec-9] DEBUG org.elective.filters.SecurityFilter - No one is authorised
14:00:57.490 [http-nio-8080-exec-10] INFO  org.elective.filters.EncodingFilter - Encoding was set
14:00:57.491 [http-nio-8080-exec-10] DEBUG org.elective.filters.SecurityFilter - No one is authorised
14:00:57.537 [http-nio-8080-exec-2] INFO  org.elective.filters.EncodingFilter - Encoding was set
14:00:57.542 [http-nio-8080-exec-1] INFO  org.elective.filters.EncodingFilter - Encoding was set
14:02:00.310 [http-nio-8080-exec-4] INFO  org.elective.filters.EncodingFilter - Encoding was set
14:02:00.310 [http-nio-8080-exec-4] DEBUG org.elective.servlets.AuthorisationServlet - Log in...
14:02:00.311 [http-nio-8080-exec-4] DEBUG org.elective.servlets.AuthorisationServlet - email: admin@test.org
14:02:00.451 [http-nio-8080-exec-4] DEBUG org.elective.servlets.AuthorisationServlet - find user: User{id=1, firstName='admin', lastName='admin', roleId=1, email='admin@test.org', blocked=false}
14:02:00.452 [http-nio-8080-exec-4] DEBUG org.elective.servlets.AuthorisationServlet - log in completed
14:02:00.553 [http-nio-8080-exec-7] INFO  org.elective.filters.EncodingFilter - Encoding was set
14:02:00.554 [http-nio-8080-exec-7] DEBUG org.elective.servlets.IndexServlet - Loading catalog...
14:02:01.453 [http-nio-8080-exec-7] DEBUG org.elective.servlets.IndexServlet - Successfully loading
14:02:06.518 [http-nio-8080-exec-8] INFO  org.elective.filters.EncodingFilter - Encoding was set
14:02:06.699 [http-nio-8080-exec-9] INFO  org.elective.filters.EncodingFilter - Encoding was set
14:02:06.703 [http-nio-8080-exec-10] INFO  org.elective.filters.EncodingFilter - Encoding was set
14:02:06.710 [http-nio-8080-exec-2] INFO  org.elective.filters.EncodingFilter - Encoding was set
14:02:06.712 [http-nio-8080-exec-1] INFO  org.elective.filters.EncodingFilter - Encoding was set
14:02:06.719 [http-nio-8080-exec-3] INFO  org.elective.filters.EncodingFilter - Encoding was set
14:02:32.965 [http-nio-8080-exec-1] INFO  org.elective.filters.EncodingFilter - Encoding was set
14:02:32.966 [http-nio-8080-exec-1] DEBUG org.elective.servlets.CreateCourseServlet - Loading course redactor page...
14:02:32.988 [http-nio-8080-exec-1] DEBUG org.elective.servlets.CreateCourseServlet - teachers: [User{id=2, firstName='bill', lastName='gayts', roleId=2, email='bill_gayts@test.org', blocked=false}, User{id=3, firstName='bruce', lastName='lee', roleId=2, email='bruce_lee@test.org', blocked=false}, User{id=7, firstName='teacher', lastName='test', roleId=2, email='teacher@test.org', blocked=false}]
14:02:32.996 [http-nio-8080-exec-1] DEBUG org.elective.servlets.CreateCourseServlet - course: Course{id=5, teacherId=2, name='boxing', topic='punch', duration=110}
14:02:34.260 [http-nio-8080-exec-9] INFO  org.elective.filters.EncodingFilter - Encoding was set
14:02:38.767 [http-nio-8080-exec-10] INFO  org.elective.filters.EncodingFilter - Encoding was set
14:02:38.767 [http-nio-8080-exec-10] DEBUG org.elective.servlets.CreateCourseServlet - Loading course redactor page...
14:02:38.773 [http-nio-8080-exec-10] DEBUG org.elective.servlets.CreateCourseServlet - teachers: [User{id=2, firstName='bill', lastName='gayts', roleId=2, email='bill_gayts@test.org', blocked=false}, User{id=3, firstName='bruce', lastName='lee', roleId=2, email='bruce_lee@test.org', blocked=false}, User{id=7, firstName='teacher', lastName='test', roleId=2, email='teacher@test.org', blocked=false}]
14:04:27.225 [http-nio-8080-exec-3] INFO  org.elective.filters.EncodingFilter - Encoding was set
14:06:11.998 [http-nio-8080-exec-5] INFO  org.elective.filters.EncodingFilter - Encoding was set
14:06:11.999 [http-nio-8080-exec-5] DEBUG org.elective.servlets.CreateTeacherServlet - Creating teacher...
14:06:12.001 [http-nio-8080-exec-5] DEBUG org.elective.servlets.CreateTeacherServlet - firstName must starts with uppercase
14:06:12.011 [http-nio-8080-exec-4] INFO  org.elective.filters.EncodingFilter - Encoding was set
14:06:25.831 [http-nio-8080-exec-8] INFO  org.elective.filters.EncodingFilter - Encoding was set
14:06:25.832 [http-nio-8080-exec-8] DEBUG org.elective.servlets.CreateCourseServlet - Loading course redactor page...
14:06:25.837 [http-nio-8080-exec-8] DEBUG org.elective.servlets.CreateCourseServlet - teachers: [User{id=2, firstName='bill', lastName='gayts', roleId=2, email='bill_gayts@test.org', blocked=false}, User{id=3, firstName='bruce', lastName='lee', roleId=2, email='bruce_lee@test.org', blocked=false}, User{id=7, firstName='teacher', lastName='test', roleId=2, email='teacher@test.org', blocked=false}]
14:06:29.485 [http-nio-8080-exec-7] INFO  org.elective.filters.EncodingFilter - Encoding was set
14:06:29.485 [http-nio-8080-exec-7] DEBUG org.elective.servlets.CreateCourseServlet - Loading course redactor page...
14:06:29.586 [http-nio-8080-exec-7] DEBUG org.elective.servlets.CreateCourseServlet - teachers: [User{id=2, firstName='bill', lastName='gayts', roleId=2, email='bill_gayts@test.org', blocked=false}, User{id=3, firstName='bruce', lastName='lee', roleId=2, email='bruce_lee@test.org', blocked=false}, User{id=7, firstName='teacher', lastName='test', roleId=2, email='teacher@test.org', blocked=false}]
14:06:29.723 [http-nio-8080-exec-5] INFO  org.elective.filters.EncodingFilter - Encoding was set
14:06:29.741 [http-nio-8080-exec-4] INFO  org.elective.filters.EncodingFilter - Encoding was set
14:06:35.937 [http-nio-8080-exec-10] INFO  org.elective.filters.EncodingFilter - Encoding was set
14:06:35.937 [http-nio-8080-exec-10] DEBUG org.elective.servlets.CreateCourseServlet - Loading course redactor page...
14:06:35.943 [http-nio-8080-exec-10] DEBUG org.elective.servlets.CreateCourseServlet - teachers: [User{id=2, firstName='bill', lastName='gayts', roleId=2, email='bill_gayts@test.org', blocked=false}, User{id=3, firstName='bruce', lastName='lee', roleId=2, email='bruce_lee@test.org', blocked=false}, User{id=7, firstName='teacher', lastName='test', roleId=2, email='teacher@test.org', blocked=false}]
14:11:29.296 [main] DEBUG org.elective.listeners.AppContextListener - Application started
14:11:51.555 [http-nio-8080-exec-1] INFO  org.elective.filters.EncodingFilter - Encoding was set
14:11:51.557 [http-nio-8080-exec-1] DEBUG org.elective.servlets.IndexServlet - Loading catalog...
14:11:57.529 [http-nio-8080-exec-1] DEBUG org.elective.servlets.IndexServlet - Successfully loading
14:12:46.788 [http-nio-8080-exec-5] INFO  org.elective.filters.EncodingFilter - Encoding was set
14:12:46.789 [http-nio-8080-exec-5] DEBUG org.elective.servlets.CreateCourseServlet - Loading course redactor page...
14:12:46.822 [http-nio-8080-exec-5] DEBUG org.elective.servlets.CreateCourseServlet - teachers: [User{id=2, firstName='bill', lastName='gayts', roleId=2, email='bill_gayts@test.org', blocked=false}, User{id=3, firstName='bruce', lastName='lee', roleId=2, email='bruce_lee@test.org', blocked=false}, User{id=7, firstName='teacher', lastName='test', roleId=2, email='teacher@test.org', blocked=false}]
14:12:50.995 [http-nio-8080-exec-8] INFO  org.elective.filters.EncodingFilter - Encoding was set
14:13:23.251 [http-nio-8080-exec-2] INFO  org.elective.filters.EncodingFilter - Encoding was set
14:13:23.251 [http-nio-8080-exec-2] DEBUG org.elective.servlets.CreateTeacherServlet - Creating teacher...
14:13:23.253 [http-nio-8080-exec-2] DEBUG org.elective.servlets.CreateTeacherServlet - password length must be at least 8 symbols
14:13:23.306 [http-nio-8080-exec-3] INFO  org.elective.filters.EncodingFilter - Encoding was set
14:13:58.427 [http-nio-8080-exec-5] INFO  org.elective.filters.EncodingFilter - Encoding was set
14:13:58.427 [http-nio-8080-exec-5] DEBUG org.elective.servlets.CreateTeacherServlet - Creating teacher...
14:14:04.357 [http-nio-8080-exec-5] DEBUG org.elective.servlets.CreateTeacherServlet - teacher: User{id=8, firstName='Иван', lastName='Петрович', roleId=2, email='rusteacher@test.org', blocked=false}
14:14:04.362 [http-nio-8080-exec-6] INFO  org.elective.filters.EncodingFilter - Encoding was set
14:14:04.363 [http-nio-8080-exec-6] DEBUG org.elective.servlets.CreateCourseServlet - Loading course redactor page...
14:14:04.366 [http-nio-8080-exec-6] DEBUG org.elective.servlets.CreateCourseServlet - teachers: [User{id=2, firstName='bill', lastName='gayts', roleId=2, email='bill_gayts@test.org', blocked=false}, User{id=3, firstName='bruce', lastName='lee', roleId=2, email='bruce_lee@test.org', blocked=false}, User{id=7, firstName='teacher', lastName='test', roleId=2, email='teacher@test.org', blocked=false}, User{id=8, firstName='Иван', lastName='Петрович', roleId=2, email='rusteacher@test.org', blocked=false}]
14:14:42.493 [http-nio-8080-exec-10] INFO  org.elective.filters.EncodingFilter - Encoding was set
14:14:42.493 [http-nio-8080-exec-10] DEBUG org.elective.servlets.CreateCourseServlet - Loading course redactor page...
14:14:42.499 [http-nio-8080-exec-10] DEBUG org.elective.servlets.CreateCourseServlet - teachers: [User{id=2, firstName='bill', lastName='gayts', roleId=2, email='bill_gayts@test.org', blocked=false}, User{id=3, firstName='bruce', lastName='lee', roleId=2, email='bruce_lee@test.org', blocked=false}, User{id=7, firstName='teacher', lastName='test', roleId=2, email='teacher@test.org', blocked=false}, User{id=8, firstName='Иван', lastName='Петрович', roleId=2, email='rusteacher@test.org', blocked=false}]
14:14:42.621 [http-nio-8080-exec-9] INFO  org.elective.filters.EncodingFilter - Encoding was set
14:14:42.622 [http-nio-8080-exec-2] INFO  org.elective.filters.EncodingFilter - Encoding was set
14:14:50.502 [http-nio-8080-exec-7] INFO  org.elective.filters.EncodingFilter - Encoding was set
14:14:50.503 [http-nio-8080-exec-7] DEBUG org.elective.servlets.IndexServlet - Loading catalog...
14:14:50.569 [http-nio-8080-exec-7] DEBUG org.elective.servlets.IndexServlet - Successfully loading
14:14:52.414 [http-nio-8080-exec-5] INFO  org.elective.filters.EncodingFilter - Encoding was set
14:14:52.415 [http-nio-8080-exec-5] DEBUG org.elective.servlets.CreateCourseServlet - Loading course redactor page...
14:14:52.419 [http-nio-8080-exec-5] DEBUG org.elective.servlets.CreateCourseServlet - teachers: [User{id=2, firstName='bill', lastName='gayts', roleId=2, email='bill_gayts@test.org', blocked=false}, User{id=3, firstName='bruce', lastName='lee', roleId=2, email='bruce_lee@test.org', blocked=false}, User{id=7, firstName='teacher', lastName='test', roleId=2, email='teacher@test.org', blocked=false}, User{id=8, firstName='Иван', lastName='Петрович', roleId=2, email='rusteacher@test.org', blocked=false}]
14:15:26.059 [http-nio-8080-exec-10] INFO  org.elective.filters.EncodingFilter - Encoding was set
14:15:26.060 [http-nio-8080-exec-10] DEBUG org.elective.servlets.CreateCourseServlet - Saving course...
14:15:27.016 [http-nio-8080-exec-10] DEBUG org.elective.servlets.CreateCourseServlet - course: Course{id=11, teacherId=8, name='Русский курс', topic='punch', duration=100}
14:15:27.079 [http-nio-8080-exec-9] INFO  org.elective.filters.EncodingFilter - Encoding was set
14:15:27.080 [http-nio-8080-exec-9] DEBUG org.elective.servlets.IndexServlet - Loading catalog...
14:15:27.121 [http-nio-8080-exec-9] DEBUG org.elective.servlets.IndexServlet - Successfully loading
14:15:35.748 [http-nio-8080-exec-4] INFO  org.elective.filters.EncodingFilter - Encoding was set
14:15:35.748 [http-nio-8080-exec-4] DEBUG org.elective.servlets.FilterServlet - Starting filtering...
14:15:35.754 [http-nio-8080-exec-4] DEBUG org.elective.servlets.FilterServlet - courses before filter: [Course{id=5, teacherId=2, name='boxing', topic='punch', duration=110}, Course{id=7, teacherId=3, name='c++', topic='it', duration=140}, Course{id=8, teacherId=3, name='c++', topic='it', duration=160}, Course{id=1, teacherId=2, name='Full Java Course For Beginners', topic='it', duration=120}, Course{id=2, teacherId=2, name='Game Dev C# Developer Course', topic='it', duration=190}, Course{id=9, teacherId=3, name='kung-fu', topic='punch', duration=130}, Course{id=6, teacherId=2, name='sambo', topic='punch', duration=170}, Course{id=3, teacherId=2, name='The Complete 2022 Web Development Bootcamp', topic='it', duration=180}, Course{id=10, teacherId=3, name='Training course from Onepunchman', topic='punch', duration=100}, Course{id=4, teacherId=2, name='UI/UX Design Essential Training', topic='it', duration=150}, Course{id=11, teacherId=8, name='Русский курс', topic='punch', duration=100}]
14:15:35.920 [http-nio-8080-exec-4] DEBUG org.elective.servlets.FilterServlet - courses after filter: [Course{id=11, teacherId=8, name='Русский курс', topic='punch', duration=100}]
14:15:45.924 [http-nio-8080-exec-5] INFO  org.elective.filters.EncodingFilter - Encoding was set
14:15:45.947 [http-nio-8080-exec-8] INFO  org.elective.filters.EncodingFilter - Encoding was set
14:15:45.947 [http-nio-8080-exec-8] DEBUG org.elective.filters.SecurityFilter - No one is authorised
14:15:45.954 [http-nio-8080-exec-10] INFO  org.elective.filters.EncodingFilter - Encoding was set
14:16:00.666 [http-nio-8080-exec-2] INFO  org.elective.filters.EncodingFilter - Encoding was set
14:16:00.666 [http-nio-8080-exec-2] DEBUG org.elective.servlets.AuthorisationServlet - Log in...
14:16:00.667 [http-nio-8080-exec-2] DEBUG org.elective.servlets.AuthorisationServlet - email: rusteacher@test.org
14:16:00.720 [http-nio-8080-exec-2] DEBUG org.elective.servlets.AuthorisationServlet - find user: User{id=8, firstName='Иван', lastName='Петрович', roleId=2, email='rusteacher@test.org', blocked=false}
14:16:00.720 [http-nio-8080-exec-2] DEBUG org.elective.servlets.AuthorisationServlet - log in completed
14:16:00.776 [http-nio-8080-exec-7] INFO  org.elective.filters.EncodingFilter - Encoding was set
14:16:00.777 [http-nio-8080-exec-7] DEBUG org.elective.servlets.IndexServlet - Loading catalog...
14:16:00.789 [http-nio-8080-exec-7] DEBUG org.elective.servlets.IndexServlet - Successfully loading
14:16:05.929 [http-nio-8080-exec-6] INFO  org.elective.filters.EncodingFilter - Encoding was set
14:16:05.931 [http-nio-8080-exec-6] DEBUG org.elective.servlets.ViewCourseServlet - Loading course page...
14:16:09.448 [http-nio-8080-exec-9] INFO  org.elective.filters.EncodingFilter - Encoding was set
14:16:09.448 [http-nio-8080-exec-9] DEBUG org.elective.servlets.ContentRedactorServlet - Loading redactor page...
14:16:09.454 [http-nio-8080-exec-9] DEBUG org.elective.servlets.ContentRedactorServlet - course properties: Course{id=11, teacherId=8, name='Русский курс', topic='punch', duration=100}
14:16:09.858 [http-nio-8080-exec-9] DEBUG org.elective.servlets.ContentRedactorServlet - subtopics properties: []
14:17:10.152 [http-nio-8080-exec-4] INFO  org.elective.filters.EncodingFilter - Encoding was set
14:17:10.152 [http-nio-8080-exec-4] DEBUG org.elective.servlets.ContentRedactorServlet - Updating course content...
14:17:14.611 [http-nio-8080-exec-5] INFO  org.elective.filters.EncodingFilter - Encoding was set
14:17:14.611 [http-nio-8080-exec-5] DEBUG org.elective.servlets.IndexServlet - Loading catalog...
14:17:15.172 [http-nio-8080-exec-5] DEBUG org.elective.servlets.IndexServlet - Successfully loading
14:17:17.397 [http-nio-8080-exec-1] INFO  org.elective.filters.EncodingFilter - Encoding was set
14:17:17.398 [http-nio-8080-exec-1] DEBUG org.elective.servlets.ViewCourseServlet - Loading course page...
14:17:20.062 [http-nio-8080-exec-6] INFO  org.elective.filters.EncodingFilter - Encoding was set
14:17:20.062 [http-nio-8080-exec-6] DEBUG org.elective.servlets.ContentRedactorServlet - Loading redactor page...
14:17:20.068 [http-nio-8080-exec-6] DEBUG org.elective.servlets.ContentRedactorServlet - course properties: Course{id=11, teacherId=8, name='Русский курс', topic='punch', duration=100}
14:17:20.071 [http-nio-8080-exec-6] DEBUG org.elective.servlets.ContentRedactorServlet - subtopics properties: []
14:17:28.255 [http-nio-8080-exec-9] INFO  org.elective.filters.EncodingFilter - Encoding was set
14:17:28.255 [http-nio-8080-exec-9] DEBUG org.elective.servlets.ContentRedactorServlet - Updating course content...
14:17:29.980 [http-nio-8080-exec-2] INFO  org.elective.filters.EncodingFilter - Encoding was set
14:17:29.981 [http-nio-8080-exec-2] DEBUG org.elective.servlets.IndexServlet - Loading catalog...
14:17:31.239 [http-nio-8080-exec-2] DEBUG org.elective.servlets.IndexServlet - Successfully loading
14:19:57.044 [http-nio-8080-exec-7] INFO  org.elective.filters.EncodingFilter - Encoding was set
14:19:57.045 [http-nio-8080-exec-7] DEBUG org.elective.servlets.ViewCourseServlet - Loading course page...
14:19:59.991 [http-nio-8080-exec-6] INFO  org.elective.filters.EncodingFilter - Encoding was set
14:19:59.991 [http-nio-8080-exec-6] DEBUG org.elective.servlets.ContentRedactorServlet - Loading redactor page...
14:19:59.999 [http-nio-8080-exec-6] DEBUG org.elective.servlets.ContentRedactorServlet - course properties: Course{id=11, teacherId=8, name='Русский курс', topic='punch', duration=100}
14:20:00.228 [http-nio-8080-exec-6] DEBUG org.elective.servlets.ContentRedactorServlet - subtopics properties: []
14:20:06.414 [http-nio-8080-exec-9] INFO  org.elective.filters.EncodingFilter - Encoding was set
14:20:06.415 [http-nio-8080-exec-9] DEBUG org.elective.servlets.ContentRedactorServlet - Loading redactor page...
14:20:08.499 [http-nio-8080-exec-9] DEBUG org.elective.servlets.ContentRedactorServlet - course properties: Course{id=11, teacherId=8, name='Русский курс', topic='punch', duration=100}
14:20:08.501 [http-nio-8080-exec-9] DEBUG org.elective.servlets.ContentRedactorServlet - subtopics properties: []
14:20:11.288 [http-nio-8080-exec-3] INFO  org.elective.filters.EncodingFilter - Encoding was set
14:20:11.321 [http-nio-8080-exec-4] INFO  org.elective.filters.EncodingFilter - Encoding was set
14:20:11.321 [http-nio-8080-exec-7] INFO  org.elective.filters.EncodingFilter - Encoding was set
14:20:15.381 [http-nio-8080-exec-10] INFO  org.elective.filters.EncodingFilter - Encoding was set
14:20:15.382 [http-nio-8080-exec-10] DEBUG org.elective.servlets.PaginationServlet - Change page...
14:21:09.368 [http-nio-8080-exec-9] INFO  org.elective.filters.EncodingFilter - Encoding was set
14:21:09.368 [http-nio-8080-exec-9] DEBUG org.elective.servlets.IndexServlet - Loading catalog...
14:21:10.017 [http-nio-8080-exec-9] DEBUG org.elective.servlets.IndexServlet - Successfully loading
14:21:17.417 [http-nio-8080-exec-4] INFO  org.elective.filters.EncodingFilter - Encoding was set
14:21:17.417 [http-nio-8080-exec-4] DEBUG org.elective.servlets.ViewCourseServlet - Loading course page...
14:21:19.622 [http-nio-8080-exec-1] INFO  org.elective.filters.EncodingFilter - Encoding was set
14:21:19.622 [http-nio-8080-exec-1] DEBUG org.elective.servlets.ContentRedactorServlet - Loading redactor page...
14:21:19.625 [http-nio-8080-exec-1] DEBUG org.elective.servlets.ContentRedactorServlet - course properties: Course{id=11, teacherId=8, name='Русский курс', topic='punch', duration=100}
14:21:19.629 [http-nio-8080-exec-1] DEBUG org.elective.servlets.ContentRedactorServlet - subtopics properties: []
14:21:30.782 [http-nio-8080-exec-8] INFO  org.elective.filters.EncodingFilter - Encoding was set
14:21:30.782 [http-nio-8080-exec-8] DEBUG org.elective.servlets.PaginationServlet - Change page...
14:24:01.487 [http-nio-8080-exec-2] INFO  org.elective.filters.EncodingFilter - Encoding was set
14:24:01.487 [http-nio-8080-exec-2] DEBUG org.elective.servlets.IndexServlet - Loading catalog...
14:24:03.036 [http-nio-8080-exec-2] DEBUG org.elective.servlets.IndexServlet - Successfully loading
14:24:06.530 [http-nio-8080-exec-7] INFO  org.elective.filters.EncodingFilter - Encoding was set
14:24:06.530 [http-nio-8080-exec-7] DEBUG org.elective.servlets.ViewCourseServlet - Loading course page...
14:24:08.181 [http-nio-8080-exec-4] INFO  org.elective.filters.EncodingFilter - Encoding was set
14:24:08.182 [http-nio-8080-exec-4] DEBUG org.elective.servlets.ContentRedactorServlet - Loading redactor page...
14:24:08.184 [http-nio-8080-exec-4] DEBUG org.elective.servlets.ContentRedactorServlet - course properties: Course{id=11, teacherId=8, name='Русский курс', topic='punch', duration=100}
14:24:08.187 [http-nio-8080-exec-4] DEBUG org.elective.servlets.ContentRedactorServlet - subtopics properties: []
14:24:14.106 [http-nio-8080-exec-6] INFO  org.elective.filters.EncodingFilter - Encoding was set
14:24:14.106 [http-nio-8080-exec-6] DEBUG org.elective.servlets.NewSubtopicServlet - Creating subtopic...
14:24:15.385 [http-nio-8080-exec-6] DEBUG org.elective.servlets.NewSubtopicServlet - Created subtopic: Subtopic{courseId=11, subtopicId=31, subtopicName='Default name'}; for course id: 11
14:24:15.727 [http-nio-8080-exec-8] INFO  org.elective.filters.EncodingFilter - Encoding was set
14:24:15.727 [http-nio-8080-exec-8] DEBUG org.elective.servlets.ContentRedactorServlet - Loading redactor page...
14:24:15.734 [http-nio-8080-exec-8] DEBUG org.elective.servlets.ContentRedactorServlet - course properties: Course{id=11, teacherId=8, name='Русский курс', topic='punch', duration=100}
14:24:15.736 [http-nio-8080-exec-8] DEBUG org.elective.servlets.ContentRedactorServlet - subtopics properties: [Subtopic{courseId=11, subtopicId=31, subtopicName='Default name'}]
14:25:00.712 [http-nio-8080-exec-2] INFO  org.elective.filters.EncodingFilter - Encoding was set
14:25:00.712 [http-nio-8080-exec-2] DEBUG org.elective.servlets.ContentRedactorServlet - Updating course content...
14:25:01.276 [http-nio-8080-exec-2] DEBUG org.elective.servlets.ContentRedactorServlet - subtopic properties: Subtopic{courseId=11, subtopicId=31, subtopicName='Заголовок на русском'}
14:25:01.281 [http-nio-8080-exec-9] INFO  org.elective.filters.EncodingFilter - Encoding was set
14:25:01.281 [http-nio-8080-exec-9] DEBUG org.elective.servlets.ContentRedactorServlet - Loading redactor page...
14:25:01.300 [http-nio-8080-exec-9] DEBUG org.elective.servlets.ContentRedactorServlet - course properties: Course{id=11, teacherId=8, name='Русский курс', topic='punch', duration=100}
14:25:01.301 [http-nio-8080-exec-9] DEBUG org.elective.servlets.ContentRedactorServlet - subtopics properties: [Subtopic{courseId=11, subtopicId=31, subtopicName='Заголовок на русском'}]
14:25:05.439 [http-nio-8080-exec-1] INFO  org.elective.filters.EncodingFilter - Encoding was set
14:25:05.439 [http-nio-8080-exec-1] DEBUG org.elective.servlets.NewSubtopicServlet - Creating subtopic...
14:25:05.842 [http-nio-8080-exec-1] DEBUG org.elective.servlets.NewSubtopicServlet - Created subtopic: Subtopic{courseId=11, subtopicId=32, subtopicName='Default name'}; for course id: 11
14:25:05.849 [http-nio-8080-exec-4] INFO  org.elective.filters.EncodingFilter - Encoding was set
14:25:05.849 [http-nio-8080-exec-4] DEBUG org.elective.servlets.ContentRedactorServlet - Loading redactor page...
14:25:06.093 [http-nio-8080-exec-4] DEBUG org.elective.servlets.ContentRedactorServlet - course properties: Course{id=11, teacherId=8, name='Русский курс', topic='punch', duration=100}
14:25:06.148 [http-nio-8080-exec-4] DEBUG org.elective.servlets.ContentRedactorServlet - subtopics properties: [Subtopic{courseId=11, subtopicId=31, subtopicName='Заголовок на русском'}, Subtopic{courseId=11, subtopicId=32, subtopicName='Default name'}]
14:25:22.610 [http-nio-8080-exec-8] INFO  org.elective.filters.EncodingFilter - Encoding was set
14:25:22.610 [http-nio-8080-exec-8] DEBUG org.elective.servlets.NewSubtopicServlet - Creating subtopic...
14:25:22.958 [http-nio-8080-exec-8] DEBUG org.elective.servlets.NewSubtopicServlet - Created subtopic: Subtopic{courseId=11, subtopicId=33, subtopicName='Default name'}; for course id: 11
14:25:22.966 [http-nio-8080-exec-10] INFO  org.elective.filters.EncodingFilter - Encoding was set
14:25:22.966 [http-nio-8080-exec-10] DEBUG org.elective.servlets.ContentRedactorServlet - Loading redactor page...
14:25:22.991 [http-nio-8080-exec-10] DEBUG org.elective.servlets.ContentRedactorServlet - course properties: Course{id=11, teacherId=8, name='Русский курс', topic='punch', duration=100}
14:25:22.993 [http-nio-8080-exec-10] DEBUG org.elective.servlets.ContentRedactorServlet - subtopics properties: [Subtopic{courseId=11, subtopicId=31, subtopicName='Заголовок на русском'}, Subtopic{courseId=11, subtopicId=32, subtopicName='Default name'}, Subtopic{courseId=11, subtopicId=33, subtopicName='Default name'}]
14:25:26.407 [http-nio-8080-exec-3] INFO  org.elective.filters.EncodingFilter - Encoding was set
14:25:26.408 [http-nio-8080-exec-3] DEBUG org.elective.servlets.PaginationServlet - Change page...
14:25:26.427 [http-nio-8080-exec-3] DEBUG org.elective.servlets.PaginationServlet - new page key: 1
14:25:26.543 [http-nio-8080-exec-7] INFO  org.elective.filters.EncodingFilter - Encoding was set
14:25:50.141 [http-nio-8080-exec-6] INFO  org.elective.filters.EncodingFilter - Encoding was set
14:25:50.194 [http-nio-8080-exec-8] INFO  org.elective.filters.EncodingFilter - Encoding was set
14:25:50.194 [http-nio-8080-exec-8] DEBUG org.elective.filters.SecurityFilter - No one is authorised
14:25:50.214 [http-nio-8080-exec-10] INFO  org.elective.filters.EncodingFilter - Encoding was set
14:33:10.541 [http-nio-8080-exec-3] INFO  org.elective.filters.EncodingFilter - Encoding was set
14:33:10.541 [http-nio-8080-exec-3] DEBUG org.elective.servlets.AuthorisationServlet - Log in...
14:33:10.541 [http-nio-8080-exec-3] DEBUG org.elective.servlets.AuthorisationServlet - email: teacher@test.org
14:33:10.957 [http-nio-8080-exec-3] DEBUG org.elective.servlets.AuthorisationServlet - find user: User{id=7, firstName='teacher', lastName='test', roleId=2, email='teacher@test.org', blocked=false}
14:33:10.958 [http-nio-8080-exec-3] DEBUG org.elective.servlets.AuthorisationServlet - log in completed
14:33:11.018 [http-nio-8080-exec-1] INFO  org.elective.filters.EncodingFilter - Encoding was set
14:33:11.018 [http-nio-8080-exec-1] DEBUG org.elective.servlets.IndexServlet - Loading catalog...
14:33:11.047 [http-nio-8080-exec-1] DEBUG org.elective.servlets.IndexServlet - Successfully loading
14:33:18.543 [http-nio-8080-exec-6] INFO  org.elective.filters.EncodingFilter - Encoding was set
14:33:18.588 [http-nio-8080-exec-8] INFO  org.elective.filters.EncodingFilter - Encoding was set
14:33:18.588 [http-nio-8080-exec-8] DEBUG org.elective.filters.SecurityFilter - No one is authorised
14:33:18.591 [http-nio-8080-exec-10] INFO  org.elective.filters.EncodingFilter - Encoding was set
14:33:29.479 [http-nio-8080-exec-7] INFO  org.elective.filters.EncodingFilter - Encoding was set
14:33:29.479 [http-nio-8080-exec-7] DEBUG org.elective.servlets.AuthorisationServlet - Log in...
14:33:29.480 [http-nio-8080-exec-7] DEBUG org.elective.servlets.AuthorisationServlet - email: rusteacher@test.org
14:33:29.483 [http-nio-8080-exec-7] DEBUG org.elective.servlets.AuthorisationServlet - find user: User{id=8, firstName='Иван', lastName='Петрович', roleId=2, email='rusteacher@test.org', blocked=false}
14:33:29.484 [http-nio-8080-exec-7] DEBUG org.elective.servlets.AuthorisationServlet - log in completed
14:33:29.765 [http-nio-8080-exec-4] INFO  org.elective.filters.EncodingFilter - Encoding was set
14:33:29.766 [http-nio-8080-exec-4] DEBUG org.elective.servlets.IndexServlet - Loading catalog...
14:33:30.188 [http-nio-8080-exec-4] DEBUG org.elective.servlets.IndexServlet - Successfully loading
14:33:33.899 [http-nio-8080-exec-5] INFO  org.elective.filters.EncodingFilter - Encoding was set
14:33:34.072 [http-nio-8080-exec-5] DEBUG org.elective.servlets.ViewCourseServlet - Loading course page...
14:33:36.709 [http-nio-8080-exec-8] INFO  org.elective.filters.EncodingFilter - Encoding was set
14:33:36.709 [http-nio-8080-exec-8] DEBUG org.elective.servlets.ContentRedactorServlet - Loading redactor page...
14:33:36.786 [http-nio-8080-exec-8] DEBUG org.elective.servlets.ContentRedactorServlet - course properties: Course{id=11, teacherId=8, name='Русский курс', topic='punch', duration=100}
14:33:36.788 [http-nio-8080-exec-8] DEBUG org.elective.servlets.ContentRedactorServlet - subtopics properties: [Subtopic{courseId=11, subtopicId=31, subtopicName='Заголовок на русском'}, Subtopic{courseId=11, subtopicId=32, subtopicName='Default name'}, Subtopic{courseId=11, subtopicId=33, subtopicName='Default name'}]
14:33:44.398 [http-nio-8080-exec-2] INFO  org.elective.filters.EncodingFilter - Encoding was set
14:33:44.398 [http-nio-8080-exec-2] DEBUG org.elective.servlets.ContentRedactorServlet - Loading redactor page...
14:33:45.209 [http-nio-8080-exec-2] DEBUG org.elective.servlets.ContentRedactorServlet - course properties: Course{id=11, teacherId=8, name='Русский курс', topic='punch', duration=100}
14:33:45.212 [http-nio-8080-exec-2] DEBUG org.elective.servlets.ContentRedactorServlet - subtopics properties: [Subtopic{courseId=11, subtopicId=31, subtopicName='Заголовок на русском'}, Subtopic{courseId=11, subtopicId=32, subtopicName='Default name'}, Subtopic{courseId=11, subtopicId=33, subtopicName='Default name'}]
14:33:45.301 [http-nio-8080-exec-7] INFO  org.elective.filters.EncodingFilter - Encoding was set
14:33:45.303 [http-nio-8080-exec-3] INFO  org.elective.filters.EncodingFilter - Encoding was set
14:33:45.337 [http-nio-8080-exec-4] INFO  org.elective.filters.EncodingFilter - Encoding was set
14:34:10.014 [http-nio-8080-exec-10] INFO  org.elective.filters.EncodingFilter - Encoding was set
14:34:10.014 [http-nio-8080-exec-10] DEBUG org.elective.servlets.PaginationServlet - Change page...
14:34:10.015 [http-nio-8080-exec-10] DEBUG org.elective.servlets.PaginationServlet - new page key: 1
14:34:10.018 [http-nio-8080-exec-2] INFO  org.elective.filters.EncodingFilter - Encoding was set
14:34:10.086 [http-nio-8080-exec-4] INFO  org.elective.filters.EncodingFilter - Encoding was set
14:34:15.121 [http-nio-8080-exec-7] INFO  org.elective.filters.EncodingFilter - Encoding was set
14:34:15.122 [http-nio-8080-exec-7] DEBUG org.elective.servlets.PaginationServlet - Change page...
14:34:15.122 [http-nio-8080-exec-7] DEBUG org.elective.servlets.PaginationServlet - new page key: 2
14:34:15.156 [http-nio-8080-exec-3] INFO  org.elective.filters.EncodingFilter - Encoding was set
14:36:43.643 [http-nio-8080-exec-5] INFO  org.elective.filters.EncodingFilter - Encoding was set
14:36:43.712 [http-nio-8080-exec-9] INFO  org.elective.filters.EncodingFilter - Encoding was set
14:36:43.712 [http-nio-8080-exec-9] DEBUG org.elective.filters.SecurityFilter - No one is authorised
14:36:43.715 [http-nio-8080-exec-10] INFO  org.elective.filters.EncodingFilter - Encoding was set
14:36:43.782 [http-nio-8080-exec-2] INFO  org.elective.filters.EncodingFilter - Encoding was set
14:36:43.782 [http-nio-8080-exec-2] DEBUG org.elective.filters.SecurityFilter - No one is authorised
14:36:43.841 [http-nio-8080-exec-4] INFO  org.elective.filters.EncodingFilter - Encoding was set
14:37:38.491 [http-nio-8080-exec-1] INFO  org.elective.filters.EncodingFilter - Encoding was set
14:37:38.491 [http-nio-8080-exec-1] DEBUG org.elective.servlets.AuthorisationServlet - Log in...
14:37:38.492 [http-nio-8080-exec-1] DEBUG org.elective.servlets.AuthorisationServlet - email: admin@test.org
14:37:41.160 [http-nio-8080-exec-1] DEBUG org.elective.servlets.AuthorisationServlet - find user: User{id=1, firstName='admin', lastName='admin', roleId=1, email='admin@test.org', blocked=false}
14:37:41.161 [http-nio-8080-exec-1] DEBUG org.elective.servlets.AuthorisationServlet - log in completed
14:37:41.171 [http-nio-8080-exec-5] INFO  org.elective.filters.EncodingFilter - Encoding was set
14:37:41.171 [http-nio-8080-exec-5] DEBUG org.elective.servlets.IndexServlet - Loading catalog...
14:37:41.318 [http-nio-8080-exec-5] DEBUG org.elective.servlets.IndexServlet - Successfully loading
14:37:41.434 [http-nio-8080-exec-9] INFO  org.elective.filters.EncodingFilter - Encoding was set
15:02:05.342 [main] DEBUG org.elective.listeners.AppContextListener - Application started
15:04:08.316 [http-nio-8080-exec-3] INFO  org.elective.filters.EncodingFilter - Encoding was set
15:04:08.318 [http-nio-8080-exec-3] DEBUG org.elective.servlets.IndexServlet - Loading catalog...
15:04:24.272 [http-nio-8080-exec-4] INFO  org.elective.filters.EncodingFilter - Encoding was set
15:04:24.273 [http-nio-8080-exec-4] DEBUG org.elective.servlets.IndexServlet - Loading catalog...
15:05:21.913 [http-nio-8080-exec-3] DEBUG org.elective.servlets.IndexServlet - Successfully loading
15:05:21.914 [http-nio-8080-exec-4] DEBUG org.elective.servlets.IndexServlet - Successfully loading
15:05:51.526 [http-nio-8080-exec-6] INFO  org.elective.filters.EncodingFilter - Encoding was set
15:06:19.638 [http-nio-8080-exec-8] INFO  org.elective.filters.EncodingFilter - Encoding was set
15:06:19.639 [http-nio-8080-exec-8] DEBUG org.elective.servlets.IndexServlet - Loading catalog...
15:06:19.824 [http-nio-8080-exec-8] DEBUG org.elective.servlets.IndexServlet - Successfully loading
15:06:24.899 [http-nio-8080-exec-1] INFO  org.elective.filters.EncodingFilter - Encoding was set
15:06:25.995 [http-nio-8080-exec-3] INFO  org.elective.filters.EncodingFilter - Encoding was set
15:06:25.996 [http-nio-8080-exec-3] DEBUG org.elective.filters.SecurityFilter - No one is authorised
15:06:26.117 [http-nio-8080-exec-6] INFO  org.elective.filters.EncodingFilter - Encoding was set
15:06:45.339 [http-nio-8080-exec-8] INFO  org.elective.filters.EncodingFilter - Encoding was set
15:06:45.339 [http-nio-8080-exec-8] DEBUG org.elective.servlets.AuthorisationServlet - Log in...
15:06:45.351 [http-nio-8080-exec-8] DEBUG org.elective.servlets.AuthorisationServlet - email: admin@test.org
15:06:45.636 [http-nio-8080-exec-8] DEBUG org.elective.servlets.AuthorisationServlet - find user: User{id=1, firstName='admin', lastName='admin', roleId=1, email='admin@test.org', blocked=false}
15:06:45.660 [http-nio-8080-exec-8] DEBUG org.elective.servlets.AuthorisationServlet - log in completed
15:06:45.674 [http-nio-8080-exec-10] INFO  org.elective.filters.EncodingFilter - Encoding was set
15:06:45.674 [http-nio-8080-exec-10] DEBUG org.elective.servlets.IndexServlet - Loading catalog...
15:06:46.082 [http-nio-8080-exec-10] DEBUG org.elective.servlets.IndexServlet - Successfully loading
15:07:00.806 [http-nio-8080-exec-5] INFO  org.elective.filters.EncodingFilter - Encoding was set
15:07:00.853 [http-nio-8080-exec-3] INFO  org.elective.filters.EncodingFilter - Encoding was set
15:07:00.886 [http-nio-8080-exec-3] DEBUG org.elective.filters.SecurityFilter - No one is authorised
15:07:00.890 [http-nio-8080-exec-6] INFO  org.elective.filters.EncodingFilter - Encoding was set
15:07:57.003 [main] DEBUG org.elective.listeners.AppContextListener - Application started
15:08:27.366 [http-nio-8080-exec-1] INFO  org.elective.filters.EncodingFilter - Encoding was set
15:08:33.573 [http-nio-8080-exec-3] INFO  org.elective.filters.EncodingFilter - Encoding was set
15:08:33.573 [http-nio-8080-exec-3] DEBUG org.elective.filters.SecurityFilter - No one is authorised
15:08:34.422 [http-nio-8080-exec-4] INFO  org.elective.filters.EncodingFilter - Encoding was set
15:08:34.423 [http-nio-8080-exec-4] DEBUG org.elective.filters.SecurityFilter - No one is authorised
15:08:34.442 [http-nio-8080-exec-5] INFO  org.elective.filters.EncodingFilter - Encoding was set
15:08:34.444 [http-nio-8080-exec-6] INFO  org.elective.filters.EncodingFilter - Encoding was set
15:44:02.392 [http-nio-8080-exec-10] INFO  org.elective.filters.EncodingFilter - Encoding was set
15:44:18.398 [http-nio-8080-exec-3] INFO  org.elective.filters.EncodingFilter - Encoding was set
15:44:18.517 [http-nio-8080-exec-3] DEBUG org.elective.filters.SecurityFilter - No one is authorised
15:44:20.609 [http-nio-8080-exec-4] INFO  org.elective.filters.EncodingFilter - Encoding was set
15:44:20.609 [http-nio-8080-exec-4] DEBUG org.elective.filters.SecurityFilter - No one is authorised
15:44:20.811 [http-nio-8080-exec-5] INFO  org.elective.filters.EncodingFilter - Encoding was set
15:44:20.985 [http-nio-8080-exec-6] INFO  org.elective.filters.EncodingFilter - Encoding was set
15:48:55.666 [http-nio-8080-exec-10] INFO  org.elective.filters.EncodingFilter - Encoding was set
15:48:55.794 [http-nio-8080-exec-3] INFO  org.elective.filters.EncodingFilter - Encoding was set
15:48:55.794 [http-nio-8080-exec-3] DEBUG org.elective.filters.SecurityFilter - No one is authorised
15:48:55.792 [http-nio-8080-exec-1] INFO  org.elective.filters.EncodingFilter - Encoding was set
15:48:55.863 [http-nio-8080-exec-1] DEBUG org.elective.filters.SecurityFilter - No one is authorised
15:48:55.924 [http-nio-8080-exec-6] INFO  org.elective.filters.EncodingFilter - Encoding was set
15:48:55.977 [http-nio-8080-exec-4] INFO  org.elective.filters.EncodingFilter - Encoding was set
